C:\USERS\TRAVIS.POWELL\DOCUMENTS\VISUAL STUDIO 2010\PROJECTS\ADO_TOOL_1.23V\ADO_TOOL\DEBUG\.NETFRAMEWORK,VERSION=V4.0.ASSEMBLYATTRIBUTES.OBJ
C:\USERS\TRAVIS.POWELL\DOCUMENTS\VISUAL STUDIO 2010\PROJECTS\ADO_TOOL_1.23V\ADO_TOOL\DEBUG\ADO_TOOL.EXE.INTERMEDIATE.MANIFEST
C:\USERS\TRAVIS.POWELL\DOCUMENTS\VISUAL STUDIO 2010\PROJECTS\ADO_TOOL_1.23V\ADO_TOOL\DEBUG\ADO_TOOL.FORM1.RESOURCES
C:\USERS\TRAVIS.POWELL\DOCUMENTS\VISUAL STUDIO 2010\PROJECTS\ADO_TOOL_1.23V\ADO_TOOL\DEBUG\ADO_TOOL.FRMPASSWORD.RESOURCES
C:\USERS\TRAVIS.POWELL\DOCUMENTS\VISUAL STUDIO 2010\PROJECTS\ADO_TOOL_1.23V\ADO_TOOL\DEBUG\ADO_TOOL.OBJ
C:\USERS\TRAVIS.POWELL\DOCUMENTS\VISUAL STUDIO 2010\PROJECTS\ADO_TOOL_1.23V\ADO_TOOL\DEBUG\ADO_TOOL.PCH
C:\Users\Travis.Powell\Documents\Visual Studio 2010\Projects\ADO_tool_1.23v\ADO_tool\Debug\ADO_tool.write.1.tlog
C:\USERS\TRAVIS.POWELL\DOCUMENTS\VISUAL STUDIO 2010\PROJECTS\ADO_TOOL_1.23V\ADO_TOOL\DEBUG\APP.RES
C:\USERS\TRAVIS.POWELL\DOCUMENTS\VISUAL STUDIO 2010\PROJECTS\ADO_TOOL_1.23V\ADO_TOOL\DEBUG\ASSEMBLYINFO.OBJ
C:\Users\Travis.Powell\Documents\Visual Studio 2010\Projects\ADO_tool_1.23v\ADO_tool\Debug\cl.command.1.tlog
C:\Users\Travis.Powell\Documents\Visual Studio 2010\Projects\ADO_tool_1.23v\ADO_tool\Debug\CL.read.1.tlog
C:\Users\Travis.Powell\Documents\Visual Studio 2010\Projects\ADO_tool_1.23v\ADO_tool\Debug\CL.write.1.tlog
C:\USERS\TRAVIS.POWELL\DOCUMENTS\VISUAL STUDIO 2010\PROJECTS\ADO_TOOL_1.23V\ADO_TOOL\DEBUG\FRMPASSWORD.OBJ
C:\Users\Travis.Powell\Documents\Visual Studio 2010\Projects\ADO_tool_1.23v\ADO_tool\Debug\GenerateResource.read.1.tlog
C:\Users\Travis.Powell\Documents\Visual Studio 2010\Projects\ADO_tool_1.23v\ADO_tool\Debug\GenerateResource.write.1.tlog
C:\Users\Travis.Powell\Documents\Visual Studio 2010\Projects\ADO_tool_1.23v\ADO_tool\Debug\link.7640.read.1.tlog
C:\Users\Travis.Powell\Documents\Visual Studio 2010\Projects\ADO_tool_1.23v\ADO_tool\Debug\link.7640.write.1.tlog
C:\Users\Travis.Powell\Documents\Visual Studio 2010\Projects\ADO_tool_1.23v\ADO_tool\Debug\link.7640-cvtres.read.1.tlog
C:\Users\Travis.Powell\Documents\Visual Studio 2010\Projects\ADO_tool_1.23v\ADO_tool\Debug\link.7640-cvtres.write.1.tlog
C:\Users\Travis.Powell\Documents\Visual Studio 2010\Projects\ADO_tool_1.23v\ADO_tool\Debug\link.command.1.tlog
C:\Users\Travis.Powell\Documents\Visual Studio 2010\Projects\ADO_tool_1.23v\ADO_tool\Debug\link.read.1.tlog
C:\Users\Travis.Powell\Documents\Visual Studio 2010\Projects\ADO_tool_1.23v\ADO_tool\Debug\link.write.1.tlog
C:\Users\Travis.Powell\Documents\Visual Studio 2010\Projects\ADO_tool_1.23v\ADO_tool\Debug\msado15.tlh
C:\Users\Travis.Powell\Documents\Visual Studio 2010\Projects\ADO_tool_1.23v\ADO_tool\Debug\msado15.tli
C:\Users\Travis.Powell\Documents\Visual Studio 2010\Projects\ADO_tool_1.23v\ADO_tool\Debug\mt.command.1.tlog
C:\Users\Travis.Powell\Documents\Visual Studio 2010\Projects\ADO_tool_1.23v\ADO_tool\Debug\mt.read.1.tlog
C:\Users\Travis.Powell\Documents\Visual Studio 2010\Projects\ADO_tool_1.23v\ADO_tool\Debug\mt.write.1.tlog
C:\Users\Travis.Powell\Documents\Visual Studio 2010\Projects\ADO_tool_1.23v\ADO_tool\Debug\oledb32.tlh
C:\Users\Travis.Powell\Documents\Visual Studio 2010\Projects\ADO_tool_1.23v\ADO_tool\Debug\oledb32.tli
C:\Users\Travis.Powell\Documents\Visual Studio 2010\Projects\ADO_tool_1.23v\ADO_tool\Debug\rc.command.1.tlog
C:\Users\Travis.Powell\Documents\Visual Studio 2010\Projects\ADO_tool_1.23v\ADO_tool\Debug\rc.read.1.tlog
C:\Users\Travis.Powell\Documents\Visual Studio 2010\Projects\ADO_tool_1.23v\ADO_tool\Debug\rc.write.1.tlog
C:\USERS\TRAVIS.POWELL\DOCUMENTS\VISUAL STUDIO 2010\PROJECTS\ADO_TOOL_1.23V\ADO_TOOL\DEBUG\STDAFX.OBJ
C:\USERS\TRAVIS.POWELL\DOCUMENTS\VISUAL STUDIO 2010\PROJECTS\ADO_TOOL_1.23V\ADO_TOOL\DEBUG\UNUSED_CODE.OBJ
C:\USERS\TRAVIS.POWELL\DOCUMENTS\VISUAL STUDIO 2010\PROJECTS\ADO_TOOL_1.23V\ADO_TOOL\DEBUG\VC100.PDB
C:\USERS\TRAVIS.POWELL\DOCUMENTS\VISUAL STUDIO 2010\PROJECTS\ADO_TOOL_1.23V\DEBUG\ADO_TOOL.EXE
C:\USERS\TRAVIS.POWELL\DOCUMENTS\VISUAL STUDIO 2010\PROJECTS\ADO_TOOL_1.23V\DEBUG\ADO_TOOL.ILK
C:\USERS\TRAVIS.POWELL\DOCUMENTS\VISUAL STUDIO 2010\PROJECTS\ADO_TOOL_1.23V\DEBUG\ADO_TOOL.PDB
